12:58:07.156 not a js function or feature file: [type: NULL, value: null]
12:58:07.181 >> lock acquired, begin callonce: read('classpath:src/test/java/helpers/CreateToken.feature')
12:58:07.524 request:
1 > POST https://conduit.productionready.io/api/users/login
1 > Accept-Encoding: gzip,deflate
1 > Connection: Keep-Alive
1 > Content-Length: 59
1 > Content-Type: application/json; charset=UTF-8
1 > Host: conduit.productionready.io
1 > User-Agent: Apache-HttpClient/4.5.12 (Java/14.0.1)
{"user":{"email":"karate@user.com","password":"karate123"}}

12:58:08.304 response time in milliseconds: 777.06
1 < 200
1 < CF-Cache-Status: DYNAMIC
1 < CF-RAY: 6291de561ac60722-LHR
1 < Cache-Control: max-age=0, private, must-revalidate
1 < Connection: keep-alive
1 < Content-Type: application/json; charset=utf-8
1 < Date: Mon, 01 Mar 2021 10:58:09 GMT
1 < ETag: W/"ceeddb6db7674444cf8e53408bacd4b0"
1 < Expect-CT: max-age=604800, report-uri="https://report-uri.cloudflare.com/cdn-cgi/beacon/expect-ct"
1 < NEL: {"max_age":604800,"report_to":"cf-nel"}
1 < Report-To: {"endpoints":[{"url":"https:\/\/a.nel.cloudflare.com\/report?s=o2cNO2rYVmSMJN6XQpQemXPepyPwfJyCDKQhPGFZ4W9fVfC0ULSZFHXOpKeRlgi7uWatQHrn1SeXsKyqqXZ5M6KLC2cjx8H7IvyN%2Bcq3Ih0SiCBbAVxqT1sEYQ%3D%3D"}],"max_age":604800,"group":"cf-nel"}
1 < Server: cloudflare
1 < Set-Cookie: __cfduid=dae9701ef99115547d708fab2ae61b9a61614596288; expires=Wed, 31-Mar-21 10:58:08 GMT; path=/; domain=.productionready.io; HttpOnly; SameSite=Lax
1 < Status: 200 OK
1 < Transfer-Encoding: chunked
1 < Vary: Origin
1 < X-Content-Type-Options: nosniff
1 < X-Frame-Options: SAMEORIGIN
1 < X-Powered-By: Phusion Passenger 4.0.60
1 < X-Request-Id: b2fee45d-2d28-4a7a-ad77-a97709a8c968
1 < X-Runtime: 0.083087
1 < X-XSS-Protection: 1; mode=block
1 < cf-request-id: 088f0949cf00000722c7168000000001
{"user":{"id":142785,"email":"karate@user.com","createdAt":"2021-02-15T14:14:26.716Z","updatedAt":"2021-02-15T14:14:26.722Z","username":"karateuser","bio":null,"image":null,"token":"eyJ0eXAiOiJKV1QiLCJhbGciOiJIUzI1NiJ9.eyJpZCI6MTQyNzg1LCJ1c2VybmFtZSI6ImthcmF0ZXVzZXIiLCJleHAiOjE2MTk3ODAyODl9.Vp2v_fCUNF_7lHJzan_qF0A1Ow3qy4go-CeUJkfXPv8"}}

12:58:08.319 << lock released, cached callonce: read('classpath:src/test/java/helpers/CreateToken.feature')
12:58:08.498 request:
1 > POST https://conduit.productionready.io/api/articles
1 > Accept-Encoding: gzip,deflate
1 > Authorization: Token eyJ0eXAiOiJKV1QiLCJhbGciOiJIUzI1NiJ9.eyJpZCI6MTQyNzg1LCJ1c2VybmFtZSI6ImthcmF0ZXVzZXIiLCJleHAiOjE2MTk3ODAyODl9.Vp2v_fCUNF_7lHJzan_qF0A1Ow3qy4go-CeUJkfXPv8
1 > Connection: Keep-Alive
1 > Content-Length: 84
1 > Content-Type: application/json; charset=UTF-8
1 > Host: conduit.productionready.io
1 > User-Agent: Apache-HttpClient/4.5.12 (Java/14.0.1)
{"article":{"tagList":[],"title":"Bla bla","description":"test test","body":"body"}}

12:58:09.329 response time in milliseconds: 830.11
1 < 200
1 < CF-Cache-Status: DYNAMIC
1 < CF-RAY: 6291de5b5ea32cd7-LHR
1 < Cache-Control: max-age=0, private, must-revalidate
1 < Connection: keep-alive
1 < Content-Type: application/json; charset=utf-8
1 < Date: Mon, 01 Mar 2021 10:58:10 GMT
1 < ETag: W/"ff06b7a3eb8bf8a6cebe97bbf3ec054f"
1 < Expect-CT: max-age=604800, report-uri="https://report-uri.cloudflare.com/cdn-cgi/beacon/expect-ct"
1 < NEL: {"report_to":"cf-nel","max_age":604800}
1 < Report-To: {"max_age":604800,"group":"cf-nel","endpoints":[{"url":"https:\/\/a.nel.cloudflare.com\/report?s=wqP59TQCjKuBF2sxhsRBDnbehpUo0hIdnfrb9l9Vf50IaroKaYOpkfB9VpGuiuTEh963u6pbBG6jM480c90hmvAO2XpdKJQH6oGfLCYsfMlY%2BU%2BqU7v5TELTXQ%3D%3D"}]}
1 < Server: cloudflare
1 < Set-Cookie: __cfduid=d9c78250f0a905d9da4fd1ea69e5666a61614596289; expires=Wed, 31-Mar-21 10:58:09 GMT; path=/; domain=.productionready.io; HttpOnly; SameSite=Lax
1 < Status: 200 OK
1 < Transfer-Encoding: chunked
1 < Vary: Origin
1 < X-Content-Type-Options: nosniff
1 < X-Frame-Options: SAMEORIGIN
1 < X-Powered-By: Phusion Passenger 4.0.60
1 < X-Request-Id: 0a1706d0-9ef7-4d25-ad65-26522f72d1a6
1 < X-Runtime: 0.069223
1 < X-XSS-Protection: 1; mode=block
1 < cf-request-id: 088f094d1400002cd76108b000000001
{"article":{"title":"Bla bla","slug":"bla-bla-gsq68e","body":"body","createdAt":"2021-03-01T10:58:10.133Z","updatedAt":"2021-03-01T10:58:10.133Z","tagList":[],"description":"test test","author":{"username":"karateuser","bio":null,"image":"https://static.productionready.io/images/smiley-cyrus.jpg","following":false},"favorited":false,"favoritesCount":0}}

12:58:09.352 not a js function or feature file: [type: NULL, value: null]
12:58:09.414 request:
1 > POST https://conduit.productionready.io/api/articles
1 > Accept-Encoding: gzip,deflate
1 > Authorization: Token eyJ0eXAiOiJKV1QiLCJhbGciOiJIUzI1NiJ9.eyJpZCI6MTQyNzg1LCJ1c2VybmFtZSI6ImthcmF0ZXVzZXIiLCJleHAiOjE2MTk3ODAyODl9.Vp2v_fCUNF_7lHJzan_qF0A1Ow3qy4go-CeUJkfXPv8
1 > Connection: Keep-Alive
1 > Content-Length: 91
1 > Content-Type: application/json; charset=UTF-8
1 > Host: conduit.productionready.io
1 > User-Agent: Apache-HttpClient/4.5.12 (Java/14.0.1)
{"article":{"tagList":[],"title":"Asshai","description":"Meha","body":"Winter is coming."}}

12:58:10.047 response time in milliseconds: 630.09
1 < 200
1 < CF-Cache-Status: DYNAMIC
1 < CF-RAY: 6291de6118ff53c8-LHR
1 < Cache-Control: max-age=0, private, must-revalidate
1 < Connection: keep-alive
1 < Content-Type: application/json; charset=utf-8
1 < Date: Mon, 01 Mar 2021 10:58:11 GMT
1 < ETag: W/"50417f3d896853b5c7aeee894a099b35"
1 < Expect-CT: max-age=604800, report-uri="https://report-uri.cloudflare.com/cdn-cgi/beacon/expect-ct"
1 < NEL: {"report_to":"cf-nel","max_age":604800}
1 < Report-To: {"endpoints":[{"url":"https:\/\/a.nel.cloudflare.com\/report?s=2RSl45PQOpKdisZpUVqBjS4xOARcfD3nIfAhluKd0w%2B3ubd3Q9Yas%2B9kUnzMTDr9g2694C5zSIkwOBpaisVrJXWfNLfzc6opIKrqTjoPkgkPG8hTGFw8f%2FBlNw%3D%3D"}],"group":"cf-nel","max_age":604800}
1 < Server: cloudflare
1 < Set-Cookie: __cfduid=d969533ed6fa1061b21a9dbf481a30c891614596290; expires=Wed, 31-Mar-21 10:58:10 GMT; path=/; domain=.productionready.io; HttpOnly; SameSite=Lax
1 < Status: 200 OK
1 < Transfer-Encoding: chunked
1 < Vary: Origin
1 < X-Content-Type-Options: nosniff
1 < X-Frame-Options: SAMEORIGIN
1 < X-Powered-By: Phusion Passenger 4.0.60
1 < X-Request-Id: f1e3c208-b636-4cf4-9e73-fcf940d40575
1 < X-Runtime: 0.088077
1 < X-XSS-Protection: 1; mode=block
1 < cf-request-id: 088f0950b4000053c87138c000000001
{"article":{"title":"Asshai","slug":"asshai-hdm8s3","body":"Winter is coming.","createdAt":"2021-03-01T10:58:11.085Z","updatedAt":"2021-03-01T10:58:11.085Z","tagList":[],"description":"Meha","author":{"username":"karateuser","bio":null,"image":"https://static.productionready.io/images/smiley-cyrus.jpg","following":false},"favorited":false,"favoritesCount":0}}

12:58:10.063 not a js function or feature file: [type: NULL, value: null]
12:58:10.118 request:
1 > POST https://conduit.productionready.io/api/articles
1 > Accept-Encoding: gzip,deflate
1 > Authorization: Token eyJ0eXAiOiJKV1QiLCJhbGciOiJIUzI1NiJ9.eyJpZCI6MTQyNzg1LCJ1c2VybmFtZSI6ImthcmF0ZXVzZXIiLCJleHAiOjE2MTk3ODAyODl9.Vp2v_fCUNF_7lHJzan_qF0A1Ow3qy4go-CeUJkfXPv8
1 > Connection: Keep-Alive
1 > Content-Length: 115
1 > Content-Type: application/json; charset=UTF-8
1 > Host: conduit.productionready.io
1 > User-Agent: Apache-HttpClient/4.5.12 (Java/14.0.1)
{"article":{"tagList":[],"title":"Lannisport","description":"Donella Hornwood","body":"The things I do for love."}}

12:58:10.682 response time in milliseconds: 562.28
1 < 200
1 < CF-Cache-Status: DYNAMIC
1 < CF-RAY: 6291de6579322c8a-LHR
1 < Cache-Control: max-age=0, private, must-revalidate
1 < Connection: keep-alive
1 < Content-Type: application/json; charset=utf-8
1 < Date: Mon, 01 Mar 2021 10:58:11 GMT
1 < ETag: W/"70aac90da9fb56cf0fe93440051f911e"
1 < Expect-CT: max-age=604800, report-uri="https://report-uri.cloudflare.com/cdn-cgi/beacon/expect-ct"
1 < NEL: {"report_to":"cf-nel","max_age":604800}
1 < Report-To: {"max_age":604800,"group":"cf-nel","endpoints":[{"url":"https:\/\/a.nel.cloudflare.com\/report?s=S0OlnFfncVPa8WhQO9kF66CfB2u0VfcMFj2WofXHp0s8Tg4tTuQ9uaBWuXHzWQq9Qmy8GNxcwyFLdJKni6735fNNqLauuViiKGle2U2u1gwgDPzQrLy2hn%2B%2BrA%3D%3D"}]}
1 < Server: cloudflare
1 < Set-Cookie: __cfduid=ddf9a6bb7bb7166460ba28153c591aab31614596291; expires=Wed, 31-Mar-21 10:58:11 GMT; path=/; domain=.productionready.io; HttpOnly; SameSite=Lax
1 < Status: 200 OK
1 < Transfer-Encoding: chunked
1 < Vary: Origin
1 < X-Content-Type-Options: nosniff
1 < X-Frame-Options: SAMEORIGIN
1 < X-Powered-By: Phusion Passenger 4.0.60
1 < X-Request-Id: 4e5fa041-3227-4931-8ce9-9e0032cf18d1
1 < X-Runtime: 0.066334
1 < X-XSS-Protection: 1; mode=block
1 < cf-request-id: 088f09536b00002c8af3014000000001
{"article":{"title":"Lannisport","slug":"lannisport-2k2kuq","body":"The things I do for love.","createdAt":"2021-03-01T10:58:11.745Z","updatedAt":"2021-03-01T10:58:11.745Z","tagList":[],"description":"Donella Hornwood","author":{"username":"karateuser","bio":null,"image":"https://static.productionready.io/images/smiley-cyrus.jpg","following":false},"favorited":false,"favoritesCount":0}}

12:58:10.692 not a js function or feature file: [type: NULL, value: null]
12:58:10.734 request:
1 > POST https://conduit.productionready.io/api/articles
1 > Accept-Encoding: gzip,deflate
1 > Authorization: Token eyJ0eXAiOiJKV1QiLCJhbGciOiJIUzI1NiJ9.eyJpZCI6MTQyNzg1LCJ1c2VybmFtZSI6ImthcmF0ZXVzZXIiLCJleHAiOjE2MTk3ODAyODl9.Vp2v_fCUNF_7lHJzan_qF0A1Ow3qy4go-CeUJkfXPv8
1 > Connection: Keep-Alive
1 > Content-Length: 88
1 > Content-Type: application/json; charset=UTF-8
1 > Host: conduit.productionready.io
1 > User-Agent: Apache-HttpClient/4.5.12 (Java/14.0.1)
{"article":{"tagList":[],"title":"Delete test","description":"test test","body":"body"}}

12:58:11.332 response time in milliseconds: 596.41
1 < 200
1 < CF-Cache-Status: DYNAMIC
1 < CF-RAY: 6291de694dc4e5f4-LHR
1 < Cache-Control: max-age=0, private, must-revalidate
1 < Connection: keep-alive
1 < Content-Type: application/json; charset=utf-8
1 < Date: Mon, 01 Mar 2021 10:58:12 GMT
1 < ETag: W/"3d6041210331f8f9fa135c8d372222ba"
1 < Expect-CT: max-age=604800, report-uri="https://report-uri.cloudflare.com/cdn-cgi/beacon/expect-ct"
1 < NEL: {"report_to":"cf-nel","max_age":604800}
1 < Report-To: {"endpoints":[{"url":"https:\/\/a.nel.cloudflare.com\/report?s=QxdtheH9veJl08671jYDxz%2BoGjvd155YdJnksyIDMCYZRe8XF3MT1wj23I8wMBjTkcowXtlPoHKXxJRN7ifROleVvsDMs%2FcIzCjWO4gqdg9EJpxzgt6eLRFb7g%3D%3D"}],"group":"cf-nel","max_age":604800}
1 < Server: cloudflare
1 < Set-Cookie: __cfduid=d90511b68f17ec7f648a6cb08c40b978a1614596292; expires=Wed, 31-Mar-21 10:58:12 GMT; path=/; domain=.productionready.io; HttpOnly; SameSite=Lax
1 < Status: 200 OK
1 < Transfer-Encoding: chunked
1 < Vary: Origin
1 < X-Content-Type-Options: nosniff
1 < X-Frame-Options: SAMEORIGIN
1 < X-Powered-By: Phusion Passenger 4.0.60
1 < X-Request-Id: c045d1b3-085a-4908-b593-5d42bf910163
1 < X-Runtime: 0.073536
1 < X-XSS-Protection: 1; mode=block
1 < cf-request-id: 088f0955cc0000e5f45abe0000000001
{"article":{"title":"Delete test","slug":"delete-test-wdvvhv","body":"body","createdAt":"2021-03-01T10:58:12.375Z","updatedAt":"2021-03-01T10:58:12.375Z","tagList":[],"description":"test test","author":{"username":"karateuser","bio":null,"image":"https://static.productionready.io/images/smiley-cyrus.jpg","following":false},"favorited":false,"favoritesCount":0}}

12:58:11.340 request:
2 > GET https://conduit.productionready.io/api/articles?limit=10&offset=0
2 > Accept-Encoding: gzip,deflate
2 > Connection: Keep-Alive
2 > Cookie: __cfduid=d90511b68f17ec7f648a6cb08c40b978a1614596292
2 > Host: conduit.productionready.io
2 > User-Agent: Apache-HttpClient/4.5.12 (Java/14.0.1)

12:58:12.097 response time in milliseconds: 752.90
2 < 200
2 < CF-Cache-Status: DYNAMIC
2 < CF-RAY: 6291de6d2b1b5469-LHR
2 < Cache-Control: max-age=0, private, must-revalidate
2 < Connection: keep-alive
2 < Content-Type: application/json; charset=utf-8
2 < Date: Mon, 01 Mar 2021 10:58:13 GMT
2 < ETag: W/"67aaaf18c1cf8a1a60cafaa2f80d5caf"
2 < Expect-CT: max-age=604800, report-uri="https://report-uri.cloudflare.com/cdn-cgi/beacon/expect-ct"
2 < NEL: {"report_to":"cf-nel","max_age":604800}
2 < Report-To: {"endpoints":[{"url":"https:\/\/a.nel.cloudflare.com\/report?s=jL3x%2BCJ6zV%2Fy%2FYoUIPO3Manfu%2F8fenFxIoU%2F6Jfn2of00fmeFOSUZLSZOFZq4rhfZb4lUokujvRjEP%2BbCBo72TMUgGOM3vCQ9snWmUcjziVmWTn6CRllG34Jyw%3D%3D"}],"group":"cf-nel","max_age":604800}
2 < Server: cloudflare
2 < Status: 200 OK
2 < Transfer-Encoding: chunked
2 < Vary: Origin
2 < X-Content-Type-Options: nosniff
2 < X-Frame-Options: SAMEORIGIN
2 < X-Powered-By: Phusion Passenger 4.0.60
2 < X-Request-Id: dfd21f11-8375-411a-8e5a-d76ea27abd74
2 < X-Runtime: 0.143771
2 < X-XSS-Protection: 1; mode=block
2 < cf-request-id: 088f095838000054695212d000000001
{"articles":[{"title":"Delete test","slug":"delete-test-wdvvhv","body":"body","createdAt":"2021-03-01T10:58:12.375Z","updatedAt":"2021-03-01T10:58:12.375Z","tagList":[],"description":"test test","author":{"username":"karateuser","bio":null,"image":"https://static.productionready.io/images/smiley-cyrus.jpg","following":false},"favorited":false,"favoritesCount":0},{"title":"Lannisport","slug":"lannisport-2k2kuq","body":"The things I do for love.","createdAt":"2021-03-01T10:58:11.745Z","updatedAt":"2021-03-01T10:58:11.745Z","tagList":[],"description":"Donella Hornwood","author":{"username":"karateuser","bio":null,"image":"https://static.productionready.io/images/smiley-cyrus.jpg","following":false},"favorited":false,"favoritesCount":0},{"title":"Asshai","slug":"asshai-hdm8s3","body":"Winter is coming.","createdAt":"2021-03-01T10:58:11.085Z","updatedAt":"2021-03-01T10:58:11.085Z","tagList":[],"description":"Meha","author":{"username":"karateuser","bio":null,"image":"https://static.productionready.io/images/smiley-cyrus.jpg","following":false},"favorited":false,"favoritesCount":0},{"title":"Bla bla","slug":"bla-bla-gsq68e","body":"body","createdAt":"2021-03-01T10:58:10.133Z","updatedAt":"2021-03-01T10:58:10.133Z","tagList":[],"description":"test test","author":{"username":"karateuser","bio":null,"image":"https://static.productionready.io/images/smiley-cyrus.jpg","following":false},"favorited":false,"favoritesCount":0},{"title":"Qohor","slug":"qohor-5xecuu","body":"A lion doesn't concern itself with the opinion of sheep.","createdAt":"2021-03-01T10:57:13.898Z","updatedAt":"2021-03-01T10:57:13.898Z","tagList":[],"description":"Melissa Blackwood","author":{"username":"karateuser","bio":null,"image":"https://static.productionready.io/images/smiley-cyrus.jpg","following":false},"favorited":false,"favoritesCount":0},{"title":"Oldtown","slug":"oldtown-2rcslo","body":"There are no heroes...in life, the monsters win.","createdAt":"2021-03-01T10:57:13.298Z","updatedAt":"2021-03-01T10:57:13.298Z","tagList":[],"description":"Lyonel Bentley","author":{"username":"karateuser","bio":null,"image":"https://static.productionready.io/images/smiley-cyrus.jpg","following":false},"favorited":false,"favoritesCount":0},{"title":"Bla bla","slug":"bla-bla-eu0lk3","body":"body","createdAt":"2021-03-01T10:57:12.371Z","updatedAt":"2021-03-01T10:57:12.371Z","tagList":[],"description":"test test","author":{"username":"karateuser","bio":null,"image":"https://static.productionready.io/images/smiley-cyrus.jpg","following":false},"favorited":false,"favoritesCount":0},{"title":"lets automate this","slug":"lets-automate-this-grylta","body":"hello, this is automatio and we are just testing it. No harm","createdAt":"2021-03-01T10:56:29.641Z","updatedAt":"2021-03-01T10:56:29.641Z","tagList":[],"description":"Hi, This is Automatio 🤖","author":{"username":"serenada","bio":null,"image":"https://static.productionready.io/images/smiley-cyrus.jpg","following":false},"favorited":false,"favoritesCount":0},{"title":"Myr","slug":"myr-ci4tas","body":"Things are not always as they seemed, much that may seem evil can be good.","createdAt":"2021-03-01T10:56:16.914Z","updatedAt":"2021-03-01T10:56:16.914Z","tagList":[],"description":"Tuffleberry","author":{"username":"karateuser","bio":null,"image":"https://static.productionready.io/images/smiley-cyrus.jpg","following":false},"favorited":false,"favoritesCount":0},{"title":"Delete test","slug":"delete-test-xaalpf","body":"body","createdAt":"2021-03-01T10:55:04.606Z","updatedAt":"2021-03-01T10:55:04.606Z","tagList":[],"description":"test test","author":{"username":"karateuser","bio":null,"image":"https://static.productionready.io/images/smiley-cyrus.jpg","following":false},"favorited":false,"favoritesCount":0}],"articlesCount":500}

12:58:12.104 request:
3 > DELETE https://conduit.productionready.io/api/articles/delete-test-wdvvhv
3 > Accept-Encoding: gzip,deflate
3 > Authorization: Token eyJ0eXAiOiJKV1QiLCJhbGciOiJIUzI1NiJ9.eyJpZCI6MTQyNzg1LCJ1c2VybmFtZSI6ImthcmF0ZXVzZXIiLCJleHAiOjE2MTk3ODAyODl9.Vp2v_fCUNF_7lHJzan_qF0A1Ow3qy4go-CeUJkfXPv8
3 > Connection: Keep-Alive
3 > Cookie: __cfduid=d90511b68f17ec7f648a6cb08c40b978a1614596292
3 > Host: conduit.productionready.io
3 > User-Agent: Apache-HttpClient/4.5.12 (Java/14.0.1)

12:58:13.016 response time in milliseconds: 910.50
3 < 200
3 < CF-Cache-Status: DYNAMIC
3 < CF-RAY: 6291de71fd5ebbe8-LHR
3 < Cache-Control: max-age=0, private, must-revalidate
3 < Connection: keep-alive
3 < Content-Type: application/json; charset=utf-8
3 < Date: Mon, 01 Mar 2021 10:58:13 GMT
3 < ETag: W/"99914b932bd37a50b983c5e7c90ae93b"
3 < Expect-CT: max-age=604800, report-uri="https://report-uri.cloudflare.com/cdn-cgi/beacon/expect-ct"
3 < NEL: {"max_age":604800,"report_to":"cf-nel"}
3 < Report-To: {"group":"cf-nel","endpoints":[{"url":"https:\/\/a.nel.cloudflare.com\/report?s=gPIlufJWApjT8TVT1s1D3TBFCS08NaKBjEstoXwjbzAcIb5g843r9yvJRLC%2B8zPROPt8zHthMXRk%2BqQRmesJDiC%2F%2BUjiMG2kedygOddWRVZwoDvlRladaaGAmA%3D%3D"}],"max_age":604800}
3 < Server: cloudflare
3 < Status: 200 OK
3 < Transfer-Encoding: chunked
3 < Vary: Origin
3 < X-Content-Type-Options: nosniff
3 < X-Frame-Options: SAMEORIGIN
3 < X-Powered-By: Phusion Passenger 4.0.60
3 < X-Request-Id: 60fe6546-08f3-4805-b14e-16f27a12b335
3 < X-Runtime: 0.054498
3 < X-XSS-Protection: 1; mode=block
3 < cf-request-id: 088f095b420000bbe8a9a7d000000001
{}

12:58:13.019 request:
4 > GET https://conduit.productionready.io/api/articles?limit=10&offset=0
4 > Accept-Encoding: gzip,deflate
4 > Connection: Keep-Alive
4 > Cookie: __cfduid=d90511b68f17ec7f648a6cb08c40b978a1614596292
4 > Host: conduit.productionready.io
4 > User-Agent: Apache-HttpClient/4.5.12 (Java/14.0.1)

12:58:13.720 response time in milliseconds: 699.28
4 < 200
4 < CF-Cache-Status: DYNAMIC
4 < CF-RAY: 6291de7799b9424a-LHR
4 < Cache-Control: max-age=0, private, must-revalidate
4 < Connection: keep-alive
4 < Content-Type: application/json; charset=utf-8
4 < Date: Mon, 01 Mar 2021 10:58:14 GMT
4 < ETag: W/"03a4f19d7ea3e2aea4bc7128c5313df9"
4 < Expect-CT: max-age=604800, report-uri="https://report-uri.cloudflare.com/cdn-cgi/beacon/expect-ct"
4 < NEL: {"max_age":604800,"report_to":"cf-nel"}
4 < Report-To: {"group":"cf-nel","endpoints":[{"url":"https:\/\/a.nel.cloudflare.com\/report?s=nGw0uS0s8VwPHXKK5bkXoeaezd3YaVKPBMU0BYAgq98tAqjaB%2FFrREWaYN7amVXtzY6snUKCMaW5kikPPeV4DbucYEGXSlpIYCs6KIOTGZSFzgqTDWWeyWBaiw%3D%3D"}],"max_age":604800}
4 < Server: cloudflare
4 < Status: 200 OK
4 < Transfer-Encoding: chunked
4 < Vary: Origin
4 < X-Content-Type-Options: nosniff
4 < X-Frame-Options: SAMEORIGIN
4 < X-Powered-By: Phusion Passenger 4.0.60
4 < X-Request-Id: c0c8127a-9ca1-4a29-a37a-517b85d48d55
4 < X-Runtime: 0.149172
4 < X-XSS-Protection: 1; mode=block
4 < cf-request-id: 088f095ebb0000424a7c966000000001
{"articles":[{"title":"Lannisport","slug":"lannisport-2k2kuq","body":"The things I do for love.","createdAt":"2021-03-01T10:58:11.745Z","updatedAt":"2021-03-01T10:58:11.745Z","tagList":[],"description":"Donella Hornwood","author":{"username":"karateuser","bio":null,"image":"https://static.productionready.io/images/smiley-cyrus.jpg","following":false},"favorited":false,"favoritesCount":0},{"title":"Asshai","slug":"asshai-hdm8s3","body":"Winter is coming.","createdAt":"2021-03-01T10:58:11.085Z","updatedAt":"2021-03-01T10:58:11.085Z","tagList":[],"description":"Meha","author":{"username":"karateuser","bio":null,"image":"https://static.productionready.io/images/smiley-cyrus.jpg","following":false},"favorited":false,"favoritesCount":0},{"title":"Bla bla","slug":"bla-bla-gsq68e","body":"body","createdAt":"2021-03-01T10:58:10.133Z","updatedAt":"2021-03-01T10:58:10.133Z","tagList":[],"description":"test test","author":{"username":"karateuser","bio":null,"image":"https://static.productionready.io/images/smiley-cyrus.jpg","following":false},"favorited":false,"favoritesCount":0},{"title":"Qohor","slug":"qohor-5xecuu","body":"A lion doesn't concern itself with the opinion of sheep.","createdAt":"2021-03-01T10:57:13.898Z","updatedAt":"2021-03-01T10:57:13.898Z","tagList":[],"description":"Melissa Blackwood","author":{"username":"karateuser","bio":null,"image":"https://static.productionready.io/images/smiley-cyrus.jpg","following":false},"favorited":false,"favoritesCount":0},{"title":"Oldtown","slug":"oldtown-2rcslo","body":"There are no heroes...in life, the monsters win.","createdAt":"2021-03-01T10:57:13.298Z","updatedAt":"2021-03-01T10:57:13.298Z","tagList":[],"description":"Lyonel Bentley","author":{"username":"karateuser","bio":null,"image":"https://static.productionready.io/images/smiley-cyrus.jpg","following":false},"favorited":false,"favoritesCount":0},{"title":"Bla bla","slug":"bla-bla-eu0lk3","body":"body","createdAt":"2021-03-01T10:57:12.371Z","updatedAt":"2021-03-01T10:57:12.371Z","tagList":[],"description":"test test","author":{"username":"karateuser","bio":null,"image":"https://static.productionready.io/images/smiley-cyrus.jpg","following":false},"favorited":false,"favoritesCount":0},{"title":"lets automate this","slug":"lets-automate-this-grylta","body":"hello, this is automatio and we are just testing it. No harm","createdAt":"2021-03-01T10:56:29.641Z","updatedAt":"2021-03-01T10:56:29.641Z","tagList":[],"description":"Hi, This is Automatio 🤖","author":{"username":"serenada","bio":null,"image":"https://static.productionready.io/images/smiley-cyrus.jpg","following":false},"favorited":false,"favoritesCount":0},{"title":"Myr","slug":"myr-ci4tas","body":"Things are not always as they seemed, much that may seem evil can be good.","createdAt":"2021-03-01T10:56:16.914Z","updatedAt":"2021-03-01T10:56:16.914Z","tagList":[],"description":"Tuffleberry","author":{"username":"karateuser","bio":null,"image":"https://static.productionready.io/images/smiley-cyrus.jpg","following":false},"favorited":false,"favoritesCount":0},{"title":"Delete test","slug":"delete-test-xaalpf","body":"body","createdAt":"2021-03-01T10:55:04.606Z","updatedAt":"2021-03-01T10:55:04.606Z","tagList":[],"description":"test test","author":{"username":"karateuser","bio":null,"image":"https://static.productionready.io/images/smiley-cyrus.jpg","following":false},"favorited":false,"favoritesCount":0},{"title":"Vaes Dothrak","slug":"vaes-dothrak-p717lo","body":"... a mind needs books as a sword needs a whetstone, if it is to keep its edge.","createdAt":"2021-03-01T10:55:03.962Z","updatedAt":"2021-03-01T10:55:03.962Z","tagList":[],"description":"Irri","author":{"username":"karateuser","bio":null,"image":"https://static.productionready.io/images/smiley-cyrus.jpg","following":false},"favorited":false,"favoritesCount":0}],"articlesCount":500}

","updatedAt":"2021-03-01T10:54:55.093Z","tagList":[],"description":"Test","author":{"username":"Falafal","bio":null,"image":"https://static.productionready.io/images/smiley-cyrus.jpg","following":false},"favorited":false,"favoritesCount":0}],"articlesCount":500}

